/home/pfuhl/NetBeansProjects/gdm/app/Http/Requests/Admin/LanguageRequest.php:5: warning: Compound App::Http::Requests::Admin::LanguageRequest is not documented.
/home/pfuhl/NetBeansProjects/gdm/app/Providers/AuthServiceProvider.php:9: warning: Compound App::Providers::AuthServiceProvider is not documented.
/home/pfuhl/NetBeansProjects/gdm/app/Providers/EventServiceProvider.php:9: warning: Compound App::Providers::EventServiceProvider is not documented.
/home/pfuhl/NetBeansProjects/gdm/app/Http/Middleware/RedirectIfAuthenticated.php:9: warning: Compound App::Http::Middleware::RedirectIfAuthenticated is not documented.
/home/pfuhl/NetBeansProjects/gdm/app/Exceptions/Handler.php:12: warning: Compound App::Exceptions::Handler is not documented.
/home/pfuhl/NetBeansProjects/gdm/app/Http/Middleware/EncryptCookies.php:8: warning: Compound App::Http::Middleware::EncryptCookies is not documented.
/home/pfuhl/NetBeansProjects/gdm/app/Http/Controllers/DepositsController.php:13: warning: Compound App::Http::Controllers::DepositsController is not documented.
/home/pfuhl/NetBeansProjects/gdm/app/Forms/ProductsForm.php:8: warning: Compound App::Forms::ProductsForm is not documented.
/home/pfuhl/NetBeansProjects/gdm/app/Providers/AppServiceProvider.php:8: warning: Compound App::Providers::AppServiceProvider is not documented.
/home/pfuhl/NetBeansProjects/gdm/app/Console/Commands/Inspire.php:9: warning: Compound App::Console::Commands::Inspire is not documented.
/home/pfuhl/NetBeansProjects/gdm/app/Forms/DepositsForm.php:8: warning: Compound App::Forms::DepositsForm is not documented.
/home/pfuhl/NetBeansProjects/gdm/app/Console/Kernel.php:9: warning: Compound App::Console::Kernel is not documented.
/home/pfuhl/NetBeansProjects/gdm/app/Http/Middleware/Album.php:5: warning: Compound App::Http::Middleware::Album is not documented.
/home/pfuhl/NetBeansProjects/gdm/app/Http/Controllers/Admin/LanguageController.php:15: warning: Compound App::Http::Controllers::Admin::LanguageController is not documented.
/home/pfuhl/NetBeansProjects/gdm/app/Http/Controllers/Admin/UserController.php:10: warning: Compound App::Http::Controllers::Admin::UserController is not documented.
/home/pfuhl/NetBeansProjects/gdm/app/Http/Controllers/PagesController.php:8: warning: Compound App::Http::Controllers::PagesController is not documented.
/home/pfuhl/NetBeansProjects/gdm/app/Http/Middleware/VerifyCsrfToken.php:8: warning: Compound App::Http::Middleware::VerifyCsrfToken is not documented.
/home/pfuhl/NetBeansProjects/gdm/app/Http/Controllers/Admin/DashboardController.php:16: warning: Compound App::Http::Controllers::Admin::DashboardController is not documented.
/home/pfuhl/NetBeansProjects/gdm/app/Http/Controllers/Admin/UpdateUIController.php:8: warning: Compound App::Http::Controllers::Admin::UpdateUIController is not documented.
/home/pfuhl/NetBeansProjects/gdm/app/Http/Middleware/Admin.php:10: warning: Compound App::Http::Middleware::Admin is not documented.
/home/pfuhl/NetBeansProjects/gdm/app/Http/Controllers/Auth/PasswordController.php:9: warning: Compound App::Http::Controllers::Auth::PasswordController is not documented.
/home/pfuhl/NetBeansProjects/gdm/app/Forms/AggregationsForm.php:8: warning: Compound App::Forms::AggregationsForm is not documented.
/home/pfuhl/NetBeansProjects/gdm/app/Forms/CommunitiesForm.php:8: warning: Compound App::Forms::CommunitiesForm is not documented.
/home/pfuhl/NetBeansProjects/gdm/app/Providers/RouteServiceProvider.php:9: warning: Compound App::Providers::RouteServiceProvider is not documented.
/home/pfuhl/NetBeansProjects/gdm/app/Http/Kernel.php:8: warning: Compound App::Http::Kernel is not documented.
/home/pfuhl/NetBeansProjects/gdm/app/Language.php:7: warning: Compound App::Language is not documented.
/home/pfuhl/NetBeansProjects/gdm/app/Http/Controllers/ProductsController.php:13: warning: Compound App::Http::Controllers::ProductsController is not documented.
/home/pfuhl/NetBeansProjects/gdm/app/Http/Controllers/AggregationsController.php:13: warning: Compound App::Http::Controllers::AggregationsController is not documented.
/home/pfuhl/NetBeansProjects/gdm/app/Http/Controllers/Auth/AuthController.php:11: warning: Compound App::Http::Controllers::Auth::AuthController is not documented.
/home/pfuhl/NetBeansProjects/gdm/app/User.php:13: warning: Compound App::User is not documented.
/home/pfuhl/NetBeansProjects/gdm/app/Http/Controllers/MembersController.php:13: warning: Compound App::Http::Controllers::MembersController is not documented.
/home/pfuhl/NetBeansProjects/gdm/app/Http/Controllers/CommunitiesController.php:13: warning: Compound App::Http::Controllers::CommunitiesController is not documented.
/home/pfuhl/NetBeansProjects/gdm/app/Http/Requests/Admin/UserRequest.php:6: warning: Compound App::Http::Requests::Admin::UserRequest is not documented.
/home/pfuhl/NetBeansProjects/gdm/app/Http/Middleware/Authenticate.php:9: warning: Compound App::Http::Middleware::Authenticate is not documented.
/home/pfuhl/NetBeansProjects/gdm/app/Http/Controllers/HomeController.php:9: warning: Compound App::Http::Controllers::HomeController is not documented.
/home/pfuhl/NetBeansProjects/gdm/app/Forms/MembersForm.php:8: warning: Compound App::Forms::MembersForm is not documented.
/home/pfuhl/NetBeansProjects/gdm/app/Http/Controllers/AdminController.php:3: warning: Compound App::Http::Controllers::AdminController is not documented.
/home/pfuhl/NetBeansProjects/gdm/app/Console/Commands/Inspire.php:13: warning: documented symbol `string' was not declared or defined.
/home/pfuhl/NetBeansProjects/gdm/app/Console/Commands/Inspire.php:20: warning: documented symbol `string' was not declared or defined.
/home/pfuhl/NetBeansProjects/gdm/app/Console/Kernel.php:13: warning: documented symbol `array' was not declared or defined.
/home/pfuhl/NetBeansProjects/gdm/app/Exceptions/Handler.php:16: warning: documented symbol `array' was not declared or defined.
/home/pfuhl/NetBeansProjects/gdm/app/Http/Kernel.php:12: warning: documented symbol `array' was not declared or defined.
/home/pfuhl/NetBeansProjects/gdm/app/Http/Kernel.php:26: warning: documented symbol `array' was not declared or defined.
/home/pfuhl/NetBeansProjects/gdm/app/Http/Middleware/Admin.php:15: warning: documented symbol `Guard' was not declared or defined.
/home/pfuhl/NetBeansProjects/gdm/app/Http/Middleware/Admin.php:22: warning: documented symbol `ResponseFactory' was not declared or defined.
/home/pfuhl/NetBeansProjects/gdm/app/Http/Middleware/Authenticate.php:13: warning: documented symbol `Guard' was not declared or defined.
/home/pfuhl/NetBeansProjects/gdm/app/Http/Middleware/EncryptCookies.php:12: warning: documented symbol `array' was not declared or defined.
/home/pfuhl/NetBeansProjects/gdm/app/Http/Middleware/RedirectIfAuthenticated.php:13: warning: documented symbol `Guard' was not declared or defined.
/home/pfuhl/NetBeansProjects/gdm/app/Http/Middleware/VerifyCsrfToken.php:12: warning: documented symbol `array' was not declared or defined.
/home/pfuhl/NetBeansProjects/gdm/app/Providers/AuthServiceProvider.php:13: warning: documented symbol `array' was not declared or defined.
/home/pfuhl/NetBeansProjects/gdm/app/Providers/EventServiceProvider.php:13: warning: documented symbol `array' was not declared or defined.
/home/pfuhl/NetBeansProjects/gdm/app/Providers/RouteServiceProvider.php:15: warning: documented symbol `string' was not declared or defined.
todo:2: warning: Illegal command Http as part of a \ref
todo:2: warning: Illegal command Controllers as part of a \ref
todo:2: warning: Illegal command Admin as part of a \ref
/home/pfuhl/NetBeansProjects/gdm/app/Exceptions/Handler.php:41: warning: Found unknown command `\Illuminate'
/home/pfuhl/NetBeansProjects/gdm/app/Exceptions/Handler.php:41: warning: Found unknown command `\Http'
/home/pfuhl/NetBeansProjects/gdm/app/Exceptions/Handler.php:41: warning: Found unknown command `\Response'
/home/pfuhl/NetBeansProjects/gdm/app/Http/Controllers/AdminController.php:8: warning: Found unknown command `\AdminController'
/home/pfuhl/NetBeansProjects/gdm/app/Http/Controllers/AggregationsController.php:151: warning: The following parameters of App\Http\Controllers\AggregationsController\store(Request $request, FormBuilder $formBuilder) are not documented:
  parameter '$request'
/home/pfuhl/NetBeansProjects/gdm/app/Http/Controllers/CommunitiesController.php:151: warning: The following parameters of App\Http\Controllers\CommunitiesController\store(Request $request, FormBuilder $formBuilder) are not documented:
  parameter '$request'
/home/pfuhl/NetBeansProjects/gdm/app/Http/Controllers/DepositsController.php:175: warning: The following parameters of App\Http\Controllers\DepositsController\store(Request $request, FormBuilder $formBuilder) are not documented:
  parameter '$request'
/home/pfuhl/NetBeansProjects/gdm/app/Http/Controllers/MembersController.php:175: warning: The following parameters of App\Http\Controllers\MembersController\store(Request $request, FormBuilder $formBuilder) are not documented:
  parameter '$request'
/home/pfuhl/NetBeansProjects/gdm/app/Http/Controllers/ProductsController.php:151: warning: The following parameters of App\Http\Controllers\ProductsController\store(Request $request, FormBuilder $formBuilder) are not documented:
  parameter '$request'
/home/pfuhl/NetBeansProjects/gdm/app/Http/Controllers/Admin/LanguageController.php:76: warning: argument '$id' of command @param is not found in the argument list of LanguageController::delete(Language $language)
/home/pfuhl/NetBeansProjects/gdm/app/Http/Controllers/Admin/LanguageController.php:81: warning: The following parameters of App\Http\Controllers\Admin\LanguageController\delete(Language $language) are not documented:
  parameter '$language'
/home/pfuhl/NetBeansProjects/gdm/app/Http/Controllers/Admin/LanguageController.php:87: warning: argument '$id' of command @param is not found in the argument list of LanguageController::destroy(Language $language)
/home/pfuhl/NetBeansProjects/gdm/app/Http/Controllers/Admin/LanguageController.php:92: warning: The following parameters of App\Http\Controllers\Admin\LanguageController\destroy(Language $language) are not documented:
  parameter '$language'
/home/pfuhl/NetBeansProjects/gdm/app/Http/Controllers/Admin/LanguageController.php:55: warning: argument '$id' of command @param is not found in the argument list of LanguageController::edit(Language $language)
/home/pfuhl/NetBeansProjects/gdm/app/Http/Controllers/Admin/LanguageController.php:60: warning: The following parameters of App\Http\Controllers\Admin\LanguageController\edit(Language $language) are not documented:
  parameter '$language'
/home/pfuhl/NetBeansProjects/gdm/app/Http/Controllers/Admin/LanguageController.php:65: warning: argument '$id' of command @param is not found in the argument list of LanguageController::update(LanguageRequest $request, Language $language)
/home/pfuhl/NetBeansProjects/gdm/app/Http/Controllers/Admin/LanguageController.php:70: warning: The following parameters of App\Http\Controllers\Admin\LanguageController\update(LanguageRequest $request, Language $language) are not documented:
  parameter '$request'
  parameter '$language'
/home/pfuhl/NetBeansProjects/gdm/app/Http/Controllers/Auth/AuthController.php:39: warning: Found unknown command `\Illuminate'
/home/pfuhl/NetBeansProjects/gdm/app/Http/Controllers/Auth/AuthController.php:39: warning: Found unknown command `\Contracts'
/home/pfuhl/NetBeansProjects/gdm/app/Http/Controllers/Auth/AuthController.php:39: warning: Found unknown command `\Validation'
/home/pfuhl/NetBeansProjects/gdm/app/Http/Controllers/Auth/AuthController.php:39: warning: Found unknown command `\Validator'
